# Logfile created on 2012-02-21 17:24:20 +0400 by logger.rb/25413
I, [2012-02-21T17:24:20.531305 #12518]  INFO -- : going to http://ws.audioscrobbler.com/2.0/?method=artist.getsimilar&artist=cher&api_key=b25b959554ed76058ac220b7b2e0a026&format=json
I, [2012-02-21T17:26:17.779251 #12868]  INFO -- : going to http://ws.audioscrobbler.com/2.0/?method=artist.getsimilar&artist=cher&api_key=b25b959554ed76058ac220b7b2e0a026&format=json
I, [2012-02-21T17:27:06.209532 #12938]  INFO -- : going to http://ws.audioscrobbler.com/2.0/?method=artist.getsimilar&artist=cher&api_key=b25b959554ed76058ac220b7b2e0a026&format=json
I, [2012-02-21T17:30:26.230041 #13159]  INFO -- : going to http://ws.audioscrobbler.com/2.0/?method=artist.getsimilar&artist=cher&api_key=b25b959554ed76058ac220b7b2e0a026&format=json
I, [2012-02-21T17:30:42.722759 #13222]  INFO -- : going to http://ws.audioscrobbler.com/2.0/?method=artist.getsimilar&artist=cher&api_key=b25b959554ed76058ac220b7b2e0a026&format=json
I, [2012-02-21T17:31:05.204389 #13289]  INFO -- : going to http://ws.audioscrobbler.com/2.0/?method=artist.getsimilar&artist=cher&api_key=b25b959554ed76058ac220b7b2e0a026&format=json
I, [2012-02-21T17:31:34.115680 #13352]  INFO -- : going to http://ws.audioscrobbler.com/2.0/?method=artist.getsimilar&artist=cher&api_key=b25b959554ed76058ac220b7b2e0a026&format=json
I, [2012-02-21T17:31:34.786180 #13352]  INFO -- : going to http://ws.audioscrobbler.com/2.0/?method=artist.getsimilar&artist=madonna&api_key=b25b959554ed76058ac220b7b2e0a026&format=json
I, [2012-02-21T17:31:35.567712 #13352]  INFO -- : going to http://ws.audioscrobbler.com/2.0/?method=artist.getsimilar&artist=rolling stones&api_key=b25b959554ed76058ac220b7b2e0a026&format=json
E, [2012-02-21T17:31:35.683197 #13352] ERROR -- : This http://ws.audioscrobbler.com/2.0/?method=artist.getsimilar&artist=rolling stones&api_key=b25b959554ed76058ac220b7b2e0a026&format=json returns this http status: 0
I, [2012-02-21T17:31:35.683936 #13352]  INFO -- : going to http://ws.audioscrobbler.com/2.0/?method=artist.getsimilar&artist=the beatles&api_key=b25b959554ed76058ac220b7b2e0a026&format=json
E, [2012-02-21T17:31:35.802697 #13352] ERROR -- : This http://ws.audioscrobbler.com/2.0/?method=artist.getsimilar&artist=the beatles&api_key=b25b959554ed76058ac220b7b2e0a026&format=json returns this http status: 0
I, [2012-02-21T17:31:35.802913 #13352]  INFO -- : going to http://ws.audioscrobbler.com/2.0/?method=artist.getsimilar&artist=muse&api_key=b25b959554ed76058ac220b7b2e0a026&format=json
I, [2012-02-21T17:36:47.467638 #13579]  INFO -- : going to http://ws.audioscrobbler.com/2.0/?method=artist.getsimilar&artist=cher&api_key=b25b959554ed76058ac220b7b2e0a026&format=json
I, [2012-02-21T17:36:47.891675 #13579]  INFO -- : going to http://ws.audioscrobbler.com/2.0/?method=artist.getsimilar&artist=madonna&api_key=b25b959554ed76058ac220b7b2e0a026&format=json
I, [2012-02-21T17:36:49.253772 #13579]  INFO -- : going to http://ws.audioscrobbler.com/2.0/?method=artist.getsimilar&artist=rolling stones&api_key=b25b959554ed76058ac220b7b2e0a026&format=json
E, [2012-02-21T17:36:49.373072 #13579] ERROR -- : This http://ws.audioscrobbler.com/2.0/?method=artist.getsimilar&artist=rolling stones&api_key=b25b959554ed76058ac220b7b2e0a026&format=json returns this http status: 0
I, [2012-02-21T17:36:49.373337 #13579]  INFO -- : going to http://ws.audioscrobbler.com/2.0/?method=artist.getsimilar&artist=the beatles&api_key=b25b959554ed76058ac220b7b2e0a026&format=json
E, [2012-02-21T17:36:49.489265 #13579] ERROR -- : This http://ws.audioscrobbler.com/2.0/?method=artist.getsimilar&artist=the beatles&api_key=b25b959554ed76058ac220b7b2e0a026&format=json returns this http status: 0
I, [2012-02-21T17:36:49.489529 #13579]  INFO -- : going to http://ws.audioscrobbler.com/2.0/?method=artist.getsimilar&artist=muse&api_key=b25b959554ed76058ac220b7b2e0a026&format=json
I, [2012-02-21T17:37:17.153374 #13644]  INFO -- : going to http://ws.audioscrobbler.com/2.0/?method=artist.getsimilar&artist=cher&api_key=b25b959554ed76058ac220b7b2e0a026&format=json
I, [2012-02-21T17:37:17.506129 #13644]  INFO -- : going to http://ws.audioscrobbler.com/2.0/?method=artist.getsimilar&artist=madonna&api_key=b25b959554ed76058ac220b7b2e0a026&format=json
I, [2012-02-21T17:37:18.263908 #13644]  INFO -- : going to http://ws.audioscrobbler.com/2.0/?method=artist.getsimilar&artist=rolling stones&api_key=b25b959554ed76058ac220b7b2e0a026&format=json
E, [2012-02-21T17:37:18.382188 #13644] ERROR -- : This http://ws.audioscrobbler.com/2.0/?method=artist.getsimilar&artist=rolling stones&api_key=b25b959554ed76058ac220b7b2e0a026&format=json returns this http status: 0
I, [2012-02-21T17:37:18.382464 #13644]  INFO -- : going to http://ws.audioscrobbler.com/2.0/?method=artist.getsimilar&artist=the beatles&api_key=b25b959554ed76058ac220b7b2e0a026&format=json
E, [2012-02-21T17:37:18.503589 #13644] ERROR -- : This http://ws.audioscrobbler.com/2.0/?method=artist.getsimilar&artist=the beatles&api_key=b25b959554ed76058ac220b7b2e0a026&format=json returns this http status: 0
I, [2012-02-21T17:37:18.504220 #13644]  INFO -- : going to http://ws.audioscrobbler.com/2.0/?method=artist.getsimilar&artist=muse&api_key=b25b959554ed76058ac220b7b2e0a026&format=json
I, [2012-02-21T17:37:30.270310 #13659]  INFO -- : going to http://ws.audioscrobbler.com/2.0/?method=artist.getsimilar&artist=cher&api_key=b25b959554ed76058ac220b7b2e0a026&format=json
I, [2012-02-21T17:37:30.622639 #13659]  INFO -- : going to http://ws.audioscrobbler.com/2.0/?method=artist.getsimilar&artist=madonna&api_key=b25b959554ed76058ac220b7b2e0a026&format=json
I, [2012-02-21T17:37:30.982559 #13659]  INFO -- : going to http://ws.audioscrobbler.com/2.0/?method=artist.getsimilar&artist=rolling stones&api_key=b25b959554ed76058ac220b7b2e0a026&format=json
E, [2012-02-21T17:37:31.097086 #13659] ERROR -- : This http://ws.audioscrobbler.com/2.0/?method=artist.getsimilar&artist=rolling stones&api_key=b25b959554ed76058ac220b7b2e0a026&format=json returns this http status: 0
I, [2012-02-21T17:37:31.097781 #13659]  INFO -- : going to http://ws.audioscrobbler.com/2.0/?method=artist.getsimilar&artist=the beatles&api_key=b25b959554ed76058ac220b7b2e0a026&format=json
E, [2012-02-21T17:37:31.215778 #13659] ERROR -- : This http://ws.audioscrobbler.com/2.0/?method=artist.getsimilar&artist=the beatles&api_key=b25b959554ed76058ac220b7b2e0a026&format=json returns this http status: 0
I, [2012-02-21T17:37:31.215993 #13659]  INFO -- : going to http://ws.audioscrobbler.com/2.0/?method=artist.getsimilar&artist=muse&api_key=b25b959554ed76058ac220b7b2e0a026&format=json
I, [2012-02-21T17:39:58.312651 #13950]  INFO -- : going to http://ws.audioscrobbler.com/2.0/?method=artist.getsimilar&artist=cher&api_key=b25b959554ed76058ac220b7b2e0a026&format=json
I, [2012-02-21T17:39:58.728858 #13950]  INFO -- : going to http://ws.audioscrobbler.com/2.0/?method=artist.getsimilar&artist=madonna&api_key=b25b959554ed76058ac220b7b2e0a026&format=json
I, [2012-02-21T17:39:59.611390 #13950]  INFO -- : going to http://ws.audioscrobbler.com/2.0/?method=artist.getsimilar&artist=rolling%20stones&api_key=b25b959554ed76058ac220b7b2e0a026&format=json
I, [2012-02-21T17:40:00.089373 #13950]  INFO -- : going to http://ws.audioscrobbler.com/2.0/?method=artist.getsimilar&artist=the%20beatles&api_key=b25b959554ed76058ac220b7b2e0a026&format=json
I, [2012-02-21T17:40:00.793310 #13950]  INFO -- : going to http://ws.audioscrobbler.com/2.0/?method=artist.getsimilar&artist=muse&api_key=b25b959554ed76058ac220b7b2e0a026&format=json
I, [2012-02-21T17:40:25.836487 #14013]  INFO -- : going to http://ws.audioscrobbler.com/2.0/?method=artist.getsimilar&artist=Cher&api_key=b25b959554ed76058ac220b7b2e0a026&format=json
I, [2012-02-21T17:40:26.898477 #14013]  INFO -- : going to http://ws.audioscrobbler.com/2.0/?method=artist.getsimilar&artist=Madonna&api_key=b25b959554ed76058ac220b7b2e0a026&format=json
I, [2012-02-21T17:40:27.530053 #14013]  INFO -- : going to http://ws.audioscrobbler.com/2.0/?method=artist.getsimilar&artist=Rolling%20Stones&api_key=b25b959554ed76058ac220b7b2e0a026&format=json
I, [2012-02-21T17:40:27.994575 #14013]  INFO -- : going to http://ws.audioscrobbler.com/2.0/?method=artist.getsimilar&artist=The%20Beatles&api_key=b25b959554ed76058ac220b7b2e0a026&format=json
I, [2012-02-21T17:40:28.715968 #14013]  INFO -- : going to http://ws.audioscrobbler.com/2.0/?method=artist.getsimilar&artist=Muse&api_key=b25b959554ed76058ac220b7b2e0a026&format=json
I, [2012-02-21T17:40:43.054186 #14076]  INFO -- : going to http://ws.audioscrobbler.com/2.0/?method=artist.getsimilar&artist=Cher&api_key=b25b959554ed76058ac220b7b2e0a026&format=json
I, [2012-02-21T17:40:43.068454 #14076]  INFO -- : going to http://ws.audioscrobbler.com/2.0/?method=artist.getsimilar&artist=Madonna&api_key=b25b959554ed76058ac220b7b2e0a026&format=json
I, [2012-02-21T17:40:43.073990 #14076]  INFO -- : going to http://ws.audioscrobbler.com/2.0/?method=artist.getsimilar&artist=Rolling%20Stones&api_key=b25b959554ed76058ac220b7b2e0a026&format=json
I, [2012-02-21T17:40:43.087569 #14076]  INFO -- : going to http://ws.audioscrobbler.com/2.0/?method=artist.getsimilar&artist=The%20Beatles&api_key=b25b959554ed76058ac220b7b2e0a026&format=json
I, [2012-02-21T17:40:43.089940 #14076]  INFO -- : going to http://ws.audioscrobbler.com/2.0/?method=artist.getsimilar&artist=Muse&api_key=b25b959554ed76058ac220b7b2e0a026&format=json
I, [2012-02-21T17:41:05.150270 #14147]  INFO -- : going to http://ws.audioscrobbler.com/2.0/?method=artist.getsimilar&artist=Cher&api_key=b25b959554ed76058ac220b7b2e0a026&format=json
I, [2012-02-21T17:41:05.154338 #14147]  INFO -- : going to http://ws.audioscrobbler.com/2.0/?method=artist.getsimilar&artist=Madonna&api_key=b25b959554ed76058ac220b7b2e0a026&format=json
I, [2012-02-21T17:41:05.156027 #14147]  INFO -- : going to http://ws.audioscrobbler.com/2.0/?method=artist.getsimilar&artist=Rolling%20Stones&api_key=b25b959554ed76058ac220b7b2e0a026&format=json
I, [2012-02-21T17:41:05.159674 #14147]  INFO -- : going to http://ws.audioscrobbler.com/2.0/?method=artist.getsimilar&artist=The%20Beatles&api_key=b25b959554ed76058ac220b7b2e0a026&format=json
I, [2012-02-21T17:41:05.176212 #14147]  INFO -- : going to http://ws.audioscrobbler.com/2.0/?method=artist.getsimilar&artist=Muse&api_key=b25b959554ed76058ac220b7b2e0a026&format=json
I, [2012-02-21T17:41:43.008915 #14212]  INFO -- : going to http://ws.audioscrobbler.com/2.0/?method=artist.getsimilar&artist=Cher&api_key=b25b959554ed76058ac220b7b2e0a026&format=json
I, [2012-02-21T17:41:44.009226 #14212]  INFO -- : going to http://ws.audioscrobbler.com/2.0/?method=artist.getsimilar&artist=Madonna&api_key=b25b959554ed76058ac220b7b2e0a026&format=json
I, [2012-02-21T17:41:45.008612 #14212]  INFO -- : going to http://ws.audioscrobbler.com/2.0/?method=artist.getsimilar&artist=Rolling%20Stones&api_key=b25b959554ed76058ac220b7b2e0a026&format=json
I, [2012-02-21T17:41:46.009076 #14212]  INFO -- : going to http://ws.audioscrobbler.com/2.0/?method=artist.getsimilar&artist=The%20Beatles&api_key=b25b959554ed76058ac220b7b2e0a026&format=json
I, [2012-02-21T17:41:47.009117 #14212]  INFO -- : going to http://ws.audioscrobbler.com/2.0/?method=artist.getsimilar&artist=Muse&api_key=b25b959554ed76058ac220b7b2e0a026&format=json
I, [2012-02-21T17:42:03.114781 #14278]  INFO -- : going to http://ws.audioscrobbler.com/2.0/?method=artist.getsimilar&artist=Cher&api_key=b25b959554ed76058ac220b7b2e0a026&format=json
I, [2012-02-21T17:42:04.115031 #14278]  INFO -- : going to http://ws.audioscrobbler.com/2.0/?method=artist.getsimilar&artist=Madonna&api_key=b25b959554ed76058ac220b7b2e0a026&format=json
I, [2012-02-21T17:42:05.115598 #14278]  INFO -- : going to http://ws.audioscrobbler.com/2.0/?method=artist.getsimilar&artist=Rolling%20Stones&api_key=b25b959554ed76058ac220b7b2e0a026&format=json
I, [2012-02-21T17:42:06.114900 #14278]  INFO -- : going to http://ws.audioscrobbler.com/2.0/?method=artist.getsimilar&artist=The%20Beatles&api_key=b25b959554ed76058ac220b7b2e0a026&format=json
I, [2012-02-21T17:42:07.114801 #14278]  INFO -- : going to http://ws.audioscrobbler.com/2.0/?method=artist.getsimilar&artist=Muse&api_key=b25b959554ed76058ac220b7b2e0a026&format=json
I, [2012-02-21T17:42:10.337595 #14292]  INFO -- : going to http://ws.audioscrobbler.com/2.0/?method=artist.getsimilar&artist=Cher&api_key=b25b959554ed76058ac220b7b2e0a026&format=json
I, [2012-02-21T17:42:11.337962 #14292]  INFO -- : going to http://ws.audioscrobbler.com/2.0/?method=artist.getsimilar&artist=Madonna&api_key=b25b959554ed76058ac220b7b2e0a026&format=json
I, [2012-02-21T17:42:12.338513 #14292]  INFO -- : going to http://ws.audioscrobbler.com/2.0/?method=artist.getsimilar&artist=Rolling%20Stones&api_key=b25b959554ed76058ac220b7b2e0a026&format=json
I, [2012-02-21T17:42:13.337880 #14292]  INFO -- : going to http://ws.audioscrobbler.com/2.0/?method=artist.getsimilar&artist=The%20Beatles&api_key=b25b959554ed76058ac220b7b2e0a026&format=json
I, [2012-02-21T17:42:14.337942 #14292]  INFO -- : going to http://ws.audioscrobbler.com/2.0/?method=artist.getsimilar&artist=Muse&api_key=b25b959554ed76058ac220b7b2e0a026&format=json
I, [2012-02-21T17:42:27.101941 #14407]  INFO -- : going to http://ws.audioscrobbler.com/2.0/?method=artist.getsimilar&artist=Cher&api_key=b25b959554ed76058ac220b7b2e0a026&format=json
I, [2012-02-21T17:42:27.352165 #14407]  INFO -- : going to http://ws.audioscrobbler.com/2.0/?method=artist.getsimilar&artist=Madonna&api_key=b25b959554ed76058ac220b7b2e0a026&format=json
I, [2012-02-21T17:42:27.601183 #14407]  INFO -- : going to http://ws.audioscrobbler.com/2.0/?method=artist.getsimilar&artist=Rolling%20Stones&api_key=b25b959554ed76058ac220b7b2e0a026&format=json
I, [2012-02-21T17:42:27.851483 #14407]  INFO -- : going to http://ws.audioscrobbler.com/2.0/?method=artist.getsimilar&artist=The%20Beatles&api_key=b25b959554ed76058ac220b7b2e0a026&format=json
I, [2012-02-21T17:42:28.101592 #14407]  INFO -- : going to http://ws.audioscrobbler.com/2.0/?method=artist.getsimilar&artist=Muse&api_key=b25b959554ed76058ac220b7b2e0a026&format=json
I, [2012-02-21T17:44:46.825292 #14590]  INFO -- : going to http://ws.audioscrobbler.com/2.0/?method=artist.getsimilar&artist=Cher&api_key=b25b959554ed76058ac220b7b2e0a026&format=json
I, [2012-02-21T17:44:47.074924 #14590]  INFO -- : going to http://ws.audioscrobbler.com/2.0/?method=artist.getsimilar&artist=Madonna&api_key=b25b959554ed76058ac220b7b2e0a026&format=json
I, [2012-02-21T17:44:47.325251 #14590]  INFO -- : going to http://ws.audioscrobbler.com/2.0/?method=artist.getsimilar&artist=Rolling%20Stones&api_key=b25b959554ed76058ac220b7b2e0a026&format=json
I, [2012-02-21T17:44:47.574595 #14590]  INFO -- : going to http://ws.audioscrobbler.com/2.0/?method=artist.getsimilar&artist=The%20Beatles&api_key=b25b959554ed76058ac220b7b2e0a026&format=json
I, [2012-02-21T17:44:47.824878 #14590]  INFO -- : going to http://ws.audioscrobbler.com/2.0/?method=artist.getsimilar&artist=Muse&api_key=b25b959554ed76058ac220b7b2e0a026&format=json
I, [2012-02-21T17:45:47.877395 #14721]  INFO -- : going to http://ws.audioscrobbler.com/2.0/?method=artist.getsimilar&artist=Cher&api_key=b25b959554ed76058ac220b7b2e0a026&format=json
I, [2012-02-21T17:45:48.127002 #14721]  INFO -- : going to http://ws.audioscrobbler.com/2.0/?method=artist.getsimilar&artist=Madonna&api_key=b25b959554ed76058ac220b7b2e0a026&format=json
I, [2012-02-21T17:45:48.377269 #14721]  INFO -- : going to http://ws.audioscrobbler.com/2.0/?method=artist.getsimilar&artist=Rolling%20Stones&api_key=b25b959554ed76058ac220b7b2e0a026&format=json
I, [2012-02-21T17:45:48.627674 #14721]  INFO -- : going to http://ws.audioscrobbler.com/2.0/?method=artist.getsimilar&artist=The%20Beatles&api_key=b25b959554ed76058ac220b7b2e0a026&format=json
I, [2012-02-21T17:45:48.876706 #14721]  INFO -- : going to http://ws.audioscrobbler.com/2.0/?method=artist.getsimilar&artist=Muse&api_key=b25b959554ed76058ac220b7b2e0a026&format=json
I, [2012-02-21T17:46:54.017840 #14913]  INFO -- : going to http://ws.audioscrobbler.com/2.0/?method=artist.getsimilar&artist=Cher&api_key=b25b959554ed76058ac220b7b2e0a026&format=json
I, [2012-02-21T17:46:54.267453 #14913]  INFO -- : going to http://ws.audioscrobbler.com/2.0/?method=artist.getsimilar&artist=Madonna&api_key=b25b959554ed76058ac220b7b2e0a026&format=json
I, [2012-02-21T17:46:54.517915 #14913]  INFO -- : going to http://ws.audioscrobbler.com/2.0/?method=artist.getsimilar&artist=Rolling%20Stones&api_key=b25b959554ed76058ac220b7b2e0a026&format=json
I, [2012-02-21T17:46:54.768252 #14913]  INFO -- : going to http://ws.audioscrobbler.com/2.0/?method=artist.getsimilar&artist=The%20Beatles&api_key=b25b959554ed76058ac220b7b2e0a026&format=json
I, [2012-02-21T17:46:55.017523 #14913]  INFO -- : going to http://ws.audioscrobbler.com/2.0/?method=artist.getsimilar&artist=Muse&api_key=b25b959554ed76058ac220b7b2e0a026&format=json
I, [2012-02-21T17:47:06.056901 #14977]  INFO -- : going to http://ws.audioscrobbler.com/2.0/?method=artist.getsimilar&artist=Cher&api_key=b25b959554ed76058ac220b7b2e0a026&format=json
I, [2012-02-21T17:47:06.306867 #14977]  INFO -- : going to http://ws.audioscrobbler.com/2.0/?method=artist.getsimilar&artist=Madonna&api_key=b25b959554ed76058ac220b7b2e0a026&format=json
I, [2012-02-21T17:47:06.556249 #14977]  INFO -- : going to http://ws.audioscrobbler.com/2.0/?method=artist.getsimilar&artist=Rolling%20Stones&api_key=b25b959554ed76058ac220b7b2e0a026&format=json
I, [2012-02-21T17:47:06.806677 #14977]  INFO -- : going to http://ws.audioscrobbler.com/2.0/?method=artist.getsimilar&artist=The%20Beatles&api_key=b25b959554ed76058ac220b7b2e0a026&format=json
I, [2012-02-21T17:47:07.056853 #14977]  INFO -- : going to http://ws.audioscrobbler.com/2.0/?method=artist.getsimilar&artist=Muse&api_key=b25b959554ed76058ac220b7b2e0a026&format=json
I, [2012-02-21T17:47:27.572125 #15090]  INFO -- : going to http://ws.audioscrobbler.com/2.0/?method=artist.getsimilar&artist=Cher&api_key=b25b959554ed76058ac220b7b2e0a026&format=json
I, [2012-02-21T17:47:27.926836 #15090]  INFO -- : going to http://ws.audioscrobbler.com/2.0/?method=artist.getsimilar&artist=Madonna&api_key=b25b959554ed76058ac220b7b2e0a026&format=json
I, [2012-02-21T17:47:28.289178 #15090]  INFO -- : going to http://ws.audioscrobbler.com/2.0/?method=artist.getsimilar&artist=Rolling%20Stones&api_key=b25b959554ed76058ac220b7b2e0a026&format=json
I, [2012-02-21T17:47:28.538466 #15090]  INFO -- : going to http://ws.audioscrobbler.com/2.0/?method=artist.getsimilar&artist=The%20Beatles&api_key=b25b959554ed76058ac220b7b2e0a026&format=json
I, [2012-02-21T17:47:28.902008 #15090]  INFO -- : going to http://ws.audioscrobbler.com/2.0/?method=artist.getsimilar&artist=Muse&api_key=b25b959554ed76058ac220b7b2e0a026&format=json
I, [2012-02-21T17:47:39.738562 #15155]  INFO -- : going to http://ws.audioscrobbler.com/2.0/?method=artist.getsimilar&artist=Cher&api_key=b25b959554ed76058ac220b7b2e0a026&format=json
I, [2012-02-21T17:47:40.091268 #15155]  INFO -- : going to http://ws.audioscrobbler.com/2.0/?method=artist.getsimilar&artist=Madonna&api_key=b25b959554ed76058ac220b7b2e0a026&format=json
I, [2012-02-21T17:47:40.451413 #15155]  INFO -- : going to http://ws.audioscrobbler.com/2.0/?method=artist.getsimilar&artist=Rolling%20Stones&api_key=b25b959554ed76058ac220b7b2e0a026&format=json
I, [2012-02-21T17:47:40.701531 #15155]  INFO -- : going to http://ws.audioscrobbler.com/2.0/?method=artist.getsimilar&artist=The%20Beatles&api_key=b25b959554ed76058ac220b7b2e0a026&format=json
I, [2012-02-21T17:47:41.054983 #15155]  INFO -- : going to http://ws.audioscrobbler.com/2.0/?method=artist.getsimilar&artist=Muse&api_key=b25b959554ed76058ac220b7b2e0a026&format=json
