# Logfile created on 2012-02-17 16:12:05 +0400 by logger.rb/25413
I, [2012-02-17T16:13:35.200671 #2233]  INFO -- : going to http://google.com
I, [2012-02-17T16:13:48.434951 #2291]  INFO -- : going to http://google.com
I, [2012-02-17T16:14:48.397651 #2435]  INFO -- : going to http://google.com
I, [2012-02-17T16:15:05.368799 #2490]  INFO -- : going to http://amazon.com
I, [2012-02-17T16:15:43.703279 #2549]  INFO -- : going to http://www.ru
I, [2012-02-17T16:16:52.060125 #2686]  INFO -- : going to http://www.ru
I, [2012-02-17T16:16:52.061776 #2686]  INFO -- : going to http://apple.com
I, [2012-02-17T16:16:59.086015 #2709]  INFO -- : going to http://www.ru
I, [2012-02-17T16:16:59.087610 #2709]  INFO -- : going to http://apple.com
I, [2012-02-17T16:17:18.866835 #2778]  INFO -- : going to http://www.ru
I, [2012-02-17T16:17:18.868231 #2778]  INFO -- : going to http://www.com
I, [2012-02-17T16:17:39.098701 #2832]  INFO -- : going to http://www.ru
I, [2012-02-17T16:17:39.101420 #2832]  INFO -- : going to http://www.railscasts.com
I, [2012-02-17T16:17:50.489545 #2887]  INFO -- : going to http://www.ru
I, [2012-02-17T16:17:50.490920 #2887]  INFO -- : going to http://www.ru
I, [2012-02-17T16:18:34.297749 #2944]  INFO -- : going to http://www.ru
I, [2012-02-17T16:18:38.632957 #2976]  INFO -- : going to http://www.ru
I, [2012-02-17T16:18:50.308052 #3049]  INFO -- : going to http://www.ru
I, [2012-02-17T16:20:15.203056 #3112]  INFO -- : going to http://www.ru
I, [2012-02-17T16:20:30.500345 #3166]  INFO -- : going to http://www.ru
I, [2012-02-17T16:20:48.918665 #3233]  INFO -- : going to http://www.ru
I, [2012-02-17T16:21:08.375235 #3298]  INFO -- : going to http://www.ru
I, [2012-02-17T16:21:26.250378 #3359]  INFO -- : going to http://www.ru
I, [2012-02-17T16:21:26.260934 #3359]  INFO -- : going to http://www.ru
I, [2012-02-17T16:21:35.157885 #3413]  INFO -- : going to http://www.ru
I, [2012-02-17T16:21:35.165828 #3413]  INFO -- : going to http://www.ru
I, [2012-02-17T16:22:09.197233 #3469]  INFO -- : going to http://www.ru
I, [2012-02-17T16:22:09.205864 #3469]  INFO -- : going to http://www.ru
I, [2012-02-17T16:22:26.660388 #3485]  INFO -- : going to http://www.ru
I, [2012-02-17T16:22:26.669690 #3485]  INFO -- : going to http://www.ru
I, [2012-02-21T12:42:11.617755 #31337]  INFO -- : going to http://www.ru
I, [2012-02-21T12:42:12.687010 #31337]  INFO -- : going to http://www.ru
I, [2012-02-21T12:43:17.440055 #31458]  INFO -- : going to http://www.ru
I, [2012-02-21T12:43:20.452579 #31458]  INFO -- : going to http://www.ru
I, [2012-02-21T12:43:35.771931 #31578]  INFO -- : going to http://www.ru
I, [2012-02-21T12:43:36.780875 #31578]  INFO -- : going to http://www.ru
I, [2012-02-21T12:43:49.416762 #31641]  INFO -- : going to http://www.ru
I, [2012-02-21T12:43:50.417870 #31641]  INFO -- : going to http://www.ru
I, [2012-02-21T12:46:14.519661 #31949]  INFO -- : going to http://www.ru
I, [2012-02-21T12:46:14.528553 #31949]  INFO -- : going to http://www.ru
I, [2012-02-21T12:48:47.573772 #32384]  INFO -- : going to http://www.2ru
E, [2012-02-21T12:48:47.647325 #32384] ERROR -- : Getting http://www.2ru failed with this message: unable to resolve server address
I, [2012-02-21T12:53:37.741946 #32567]  INFO -- : going to http://www.2ru
E, [2012-02-21T12:53:37.744432 #32567] ERROR -- : Getting http://www.2ru failed with this message: unable to resolve server address
I, [2012-02-21T12:54:38.091073 #32686]  INFO -- : going to http://www.ru
I, [2012-02-21T12:54:38.111999 #32686]  INFO -- : going to http://www.ru
I, [2012-02-21T12:55:11.760118 #32754]  INFO -- : going to http://www.ru
I, [2012-02-21T12:55:11.769196 #32754]  INFO -- : going to http://www.ru
I, [2012-02-21T12:56:09.173001 #361]  INFO -- : going to http://www.ru
I, [2012-02-21T12:56:09.180906 #361]  INFO -- : going to http://www.ru
I, [2012-02-21T12:56:09.188943 #361]  INFO -- : going to http://www.ru
I, [2012-02-21T12:56:09.196861 #361]  INFO -- : going to http://www.ru
I, [2012-02-21T12:57:29.608940 #452]  INFO -- : going to http://www.ru
I, [2012-02-21T12:57:29.617236 #452]  INFO -- : going to http://www.ru
I, [2012-02-21T12:57:29.626957 #452]  INFO -- : going to http://www.ru
I, [2012-02-21T12:57:29.635908 #452]  INFO -- : going to http://www.ru
I, [2012-02-21T12:57:49.385014 #515]  INFO -- : going to http://www.ru
I, [2012-02-21T12:57:49.405236 #515]  INFO -- : going to http://www.ru
I, [2012-02-21T12:57:49.415381 #515]  INFO -- : going to http://www.ru
I, [2012-02-21T12:57:49.423696 #515]  INFO -- : going to http://www.ru
I, [2012-02-21T12:58:39.817156 #582]  INFO -- : going to http://www.ru
I, [2012-02-21T12:58:39.825356 #582]  INFO -- : going to http://www.ru
I, [2012-02-21T12:59:02.662168 #651]  INFO -- : going to http://www.ru
I, [2012-02-21T12:59:02.686077 #651]  INFO -- : going to http://www.ru
I, [2012-02-21T12:59:02.696148 #651]  INFO -- : going to http://www.ru
I, [2012-02-21T12:59:02.703369 #651]  INFO -- : going to http://www.ru
I, [2012-02-21T12:59:16.520661 #717]  INFO -- : going to http://www.ru
I, [2012-02-21T12:59:16.529060 #717]  INFO -- : going to http://www.ru
I, [2012-02-21T12:59:16.537677 #717]  INFO -- : going to http://www.ru
I, [2012-02-21T12:59:16.544902 #717]  INFO -- : going to http://www.ru
I, [2012-02-21T12:59:40.586888 #840]  INFO -- : going to http://www.ru
I, [2012-02-21T12:59:40.595544 #840]  INFO -- : going to http://www.ru
I, [2012-02-21T12:59:40.604427 #840]  INFO -- : going to http://www.ru
I, [2012-02-21T12:59:40.614107 #840]  INFO -- : going to http://www.ru
I, [2012-02-21T13:00:01.586935 #917]  INFO -- : going to http://www.ru
I, [2012-02-21T13:00:01.647554 #917]  INFO -- : going to http://www.ru
I, [2012-02-21T13:00:27.991224 #990]  INFO -- : going to http://www.ru
I, [2012-02-21T13:00:27.999973 #990]  INFO -- : going to http://www.ru
I, [2012-02-21T13:00:28.010637 #990]  INFO -- : going to http://www.ru
I, [2012-02-21T13:00:28.018550 #990]  INFO -- : going to http://www.ru
I, [2012-02-21T13:00:48.765057 #1128]  INFO -- : going to http://www.ru
I, [2012-02-21T13:00:48.773017 #1128]  INFO -- : going to http://www.ru
I, [2012-02-21T13:00:48.780214 #1128]  INFO -- : going to http://www.ru
I, [2012-02-21T13:00:48.787386 #1128]  INFO -- : going to http://www.ru
I, [2012-02-21T13:01:08.328773 #1262]  INFO -- : going to http://www.ru
I, [2012-02-21T13:01:08.337505 #1262]  INFO -- : going to http://www.ru
I, [2012-02-21T13:01:08.347198 #1262]  INFO -- : going to http://www.ru
I, [2012-02-21T13:01:08.356330 #1262]  INFO -- : going to http://www.ru
I, [2012-02-21T13:02:00.606552 #1444]  INFO -- : going to http://www.ru
I, [2012-02-21T13:02:00.615396 #1444]  INFO -- : going to http://www.ru
I, [2012-02-21T13:02:00.623821 #1444]  INFO -- : going to http://www.ru
I, [2012-02-21T13:02:00.630886 #1444]  INFO -- : going to http://www.ru
I, [2012-02-21T13:10:30.356901 #2101]  INFO -- : going to http://www.ru
I, [2012-02-21T13:10:30.414896 #2101]  INFO -- : going to http://www.ru
I, [2012-02-21T13:10:30.423028 #2101]  INFO -- : going to http://www.ru
I, [2012-02-21T13:10:30.429962 #2101]  INFO -- : going to http://www.ru
I, [2012-02-21T13:10:47.716459 #2165]  INFO -- : going to http://www.ru
I, [2012-02-21T13:10:47.724971 #2165]  INFO -- : going to http://www.ru
I, [2012-02-21T13:12:00.658580 #2357]  INFO -- : going to http://www.ru
I, [2012-02-21T13:12:00.727695 #2357]  INFO -- : going to http://www.ru
I, [2012-02-21T13:12:16.997141 #2420]  INFO -- : going to http://www.ru
I, [2012-02-21T13:12:17.012718 #2420]  INFO -- : going to http://www.ru
I, [2012-02-21T13:12:26.243829 #2483]  INFO -- : going to http://www.ru
I, [2012-02-21T13:12:26.254376 #2483]  INFO -- : going to http://www.ru
I, [2012-02-21T13:12:34.933268 #2553]  INFO -- : going to http://www.ru
I, [2012-02-21T13:12:34.942261 #2553]  INFO -- : going to http://www.ru
I, [2012-02-21T13:12:43.059471 #2616]  INFO -- : going to http://www.ru
I, [2012-02-21T13:12:43.070424 #2616]  INFO -- : going to http://www.ru
I, [2012-02-21T13:12:43.083181 #2616]  INFO -- : going to http://www.ru
I, [2012-02-21T13:12:43.092684 #2616]  INFO -- : going to http://www.ru
I, [2012-02-21T13:12:50.646602 #2684]  INFO -- : going to http://www.ru
I, [2012-02-21T13:12:50.654886 #2684]  INFO -- : going to http://www.ru
I, [2012-02-21T13:13:03.422449 #2796]  INFO -- : going to http://www.ru
I, [2012-02-21T13:13:03.430322 #2796]  INFO -- : going to http://www.ru
I, [2012-02-21T13:13:03.440114 #2796]  INFO -- : going to http://www.ru
I, [2012-02-21T13:13:03.449245 #2796]  INFO -- : going to http://www.ru
I, [2012-02-21T13:13:13.677540 #2859]  INFO -- : going to http://www.ru
I, [2012-02-21T13:13:13.685408 #2859]  INFO -- : going to http://www.ru
I, [2012-02-21T13:13:13.695785 #2859]  INFO -- : going to http://www.ru
I, [2012-02-21T13:13:13.704400 #2859]  INFO -- : going to http://www.ru
I, [2012-02-21T13:14:39.218372 #3033]  INFO -- : going to http://www.ru
I, [2012-02-21T13:14:39.227451 #3033]  INFO -- : going to http://www.ru
I, [2012-02-21T13:14:39.237650 #3033]  INFO -- : going to http://www.ru
I, [2012-02-21T13:14:39.246656 #3033]  INFO -- : going to http://www.ru
I, [2012-02-21T13:14:50.122478 #3098]  INFO -- : going to http://www.ru
I, [2012-02-21T13:14:50.131011 #3098]  INFO -- : going to http://www.ru
I, [2012-02-21T13:14:50.140899 #3098]  INFO -- : going to http://www.ru
I, [2012-02-21T13:14:50.148394 #3098]  INFO -- : going to http://www.ru
I, [2012-02-21T13:14:57.084958 #3161]  INFO -- : going to http://www.ru
I, [2012-02-21T13:14:57.093085 #3161]  INFO -- : going to http://www.ru
I, [2012-02-21T13:15:17.029400 #3227]  INFO -- : going to http://www.ru
I, [2012-02-21T13:15:17.037418 #3227]  INFO -- : going to http://www.ru
I, [2012-02-21T13:15:22.184997 #3290]  INFO -- : going to http://www.ru
I, [2012-02-21T13:15:22.193619 #3290]  INFO -- : going to http://www.ru
I, [2012-02-21T13:15:22.202264 #3290]  INFO -- : going to http://www.ru
I, [2012-02-21T13:15:22.209262 #3290]  INFO -- : going to http://www.ru
I, [2012-02-21T13:16:48.221785 #3413]  INFO -- : going to http://www.ru
I, [2012-02-21T13:16:48.230138 #3413]  INFO -- : going to http://www.ru
I, [2012-02-21T13:17:01.211223 #3477]  INFO -- : going to http://www.ru
I, [2012-02-21T13:17:01.218811 #3477]  INFO -- : going to http://www.ru
I, [2012-02-21T13:17:08.884741 #3545]  INFO -- : going to http://www.ru
I, [2012-02-21T13:17:08.893666 #3545]  INFO -- : going to http://www.ru
I, [2012-02-21T13:17:08.906703 #3545]  INFO -- : going to http://www.ru
I, [2012-02-21T13:17:08.915841 #3545]  INFO -- : going to http://www.ru
I, [2012-02-21T13:59:13.261526 #4994]  INFO -- : going to http://www.ru
I, [2012-02-21T13:59:13.325162 #4994]  INFO -- : going to http://www.ru
I, [2012-02-21T13:59:13.333660 #4994]  INFO -- : going to http://www.ru
I, [2012-02-21T13:59:33.365561 #5061]  INFO -- : going to http://www.ru
I, [2012-02-21T13:59:33.372616 #5061]  INFO -- : going to http://www.ru
I, [2012-02-21T13:59:33.383975 #5061]  INFO -- : going to http://www.ru
I, [2012-02-21T13:59:45.344905 #5124]  INFO -- : going to http://www.ru
I, [2012-02-21T13:59:45.354727 #5124]  INFO -- : going to http://www.ru
I, [2012-02-21T13:59:45.371531 #5124]  INFO -- : going to http://www.ru
I, [2012-02-21T13:59:51.964597 #5190]  INFO -- : going to http://www.ru
I, [2012-02-21T13:59:51.974505 #5190]  INFO -- : going to http://www.ru
I, [2012-02-21T13:59:51.986465 #5190]  INFO -- : going to http://www.ru
I, [2012-02-21T13:59:51.994159 #5190]  INFO -- : going to http://www.ru
I, [2012-02-21T14:01:25.851707 #5265]  INFO -- : going to http://www.ru
I, [2012-02-21T14:01:25.861046 #5265]  INFO -- : going to http://www.ru
I, [2012-02-21T14:01:25.873831 #5265]  INFO -- : going to http://www.ru
I, [2012-02-21T14:01:25.885474 #5265]  INFO -- : going to http://www.ru
I, [2012-02-21T14:02:23.457103 #5333]  INFO -- : going to http://www.ru
I, [2012-02-21T14:02:23.465431 #5333]  INFO -- : going to http://www.ru
I, [2012-02-21T14:02:23.481397 #5333]  INFO -- : going to http://www.ru
I, [2012-02-21T14:02:23.490241 #5333]  INFO -- : going to http://www.ru
I, [2012-02-21T14:04:12.456678 #5524]  INFO -- : going to http://www.ru
I, [2012-02-21T14:04:12.464403 #5524]  INFO -- : going to http://www.ru
I, [2012-02-21T14:04:12.472619 #5524]  INFO -- : going to http://www.ru
I, [2012-02-21T14:04:12.480789 #5524]  INFO -- : going to http://www.ru
I, [2012-02-21T14:04:12.489232 #5524]  INFO -- : going to www.some.error
I, [2012-02-21T14:04:45.001621 #5594]  INFO -- : going to http://www.ru
I, [2012-02-21T14:04:45.011006 #5594]  INFO -- : going to http://www.ru
I, [2012-02-21T14:04:45.022176 #5594]  INFO -- : going to http://www.ru
I, [2012-02-21T14:04:45.032844 #5594]  INFO -- : going to http://www.ru
I, [2012-02-21T14:04:45.042709 #5594]  INFO -- : going to www.someerrrr.ru
I, [2012-02-21T14:06:04.810413 #5664]  INFO -- : going to http://www.ru
I, [2012-02-21T14:06:04.825354 #5664]  INFO -- : going to http://www.ru
I, [2012-02-21T14:06:04.835281 #5664]  INFO -- : going to http://www.ru
I, [2012-02-21T14:06:04.843083 #5664]  INFO -- : going to http://www.ru
I, [2012-02-21T14:06:04.852008 #5664]  INFO -- : going to www.someerrrr.ru
I, [2012-02-21T14:07:10.838069 #5784]  INFO -- : going to http://www.ru
I, [2012-02-21T14:07:10.858536 #5784]  INFO -- : going to http://www.ru
I, [2012-02-21T14:07:10.867461 #5784]  INFO -- : going to http://www.ru
I, [2012-02-21T14:07:10.879549 #5784]  INFO -- : going to http://www.ru
I, [2012-02-21T14:07:10.889513 #5784]  INFO -- : going to www.kulturna.ru/lol
I, [2012-02-21T14:07:34.336448 #5872]  INFO -- : going to http://www.ru
I, [2012-02-21T14:07:34.345246 #5872]  INFO -- : going to http://www.ru
I, [2012-02-21T14:07:34.357440 #5872]  INFO -- : going to http://www.ru
I, [2012-02-21T14:07:34.366891 #5872]  INFO -- : going to http://www.ru
I, [2012-02-21T14:07:34.374379 #5872]  INFO -- : going to www.kulturna.ru/lol
I, [2012-02-21T14:07:49.348950 #5937]  INFO -- : going to http://www.ru
I, [2012-02-21T14:07:49.361327 #5937]  INFO -- : going to http://www.ru
I, [2012-02-21T14:07:49.373077 #5937]  INFO -- : going to http://www.ru
I, [2012-02-21T14:07:49.384859 #5937]  INFO -- : going to http://www.ru
I, [2012-02-21T14:07:49.395605 #5937]  INFO -- : going to http://www.kulturna.ru/lol
E, [2012-02-21T14:07:49.452244 #5937] ERROR -- : This http://www.kulturna.ru/lol returns this http status: 404
I, [2012-02-21T14:08:07.156148 #6009]  INFO -- : going to http://www.ru
I, [2012-02-21T14:08:07.165118 #6009]  INFO -- : going to http://www.ru
I, [2012-02-21T14:08:07.176200 #6009]  INFO -- : going to http://www.ru.erro
E, [2012-02-21T14:08:07.228574 #6009] ERROR -- : Getting http://www.ru.erro failed with this message: unable to resolve server address
I, [2012-02-21T14:08:07.230514 #6009]  INFO -- : going to http://www.ru.erro
E, [2012-02-21T14:08:07.232205 #6009] ERROR -- : Getting http://www.ru.erro failed with this message: unable to resolve server address
I, [2012-02-21T14:08:59.070866 #6141]  INFO -- : going to http://www.ru
I, [2012-02-21T14:08:59.071434 #6141]  INFO -- : going to http://www.ru
I, [2012-02-21T14:23:25.388017 #6774]  INFO -- : going to http://www.ru
I, [2012-02-21T14:23:25.453250 #6774]  INFO -- : going to http://www.ru
I, [2012-02-21T14:23:25.465516 #6774]  INFO -- : going to http://www.ru.erro
E, [2012-02-21T14:23:25.527556 #6774] ERROR -- : Response for http://www.ru.erro get an error: unable to resolve server address
I, [2012-02-21T14:23:38.449280 #6842]  INFO -- : going to http://www.ru
I, [2012-02-21T14:23:38.457925 #6842]  INFO -- : going to http://www.ru
I, [2012-02-21T14:23:38.468706 #6842]  INFO -- : going to http://www.ru
I, [2012-02-21T14:23:38.477004 #6842]  INFO -- : going to http://www.ru
I, [2012-02-21T14:23:38.485951 #6842]  INFO -- : going to http://www.ru.erro
E, [2012-02-21T14:23:38.489555 #6842] ERROR -- : Response for http://www.ru.erro get an error: unable to resolve server address
I, [2012-02-21T14:23:52.214246 #6912]  INFO -- : going to http://www.ru
I, [2012-02-21T14:23:52.223306 #6912]  INFO -- : going to http://www.ru
I, [2012-02-21T14:23:52.231573 #6912]  INFO -- : going to http://www.ru
I, [2012-02-21T14:23:52.238236 #6912]  INFO -- : going to http://www.ru
I, [2012-02-21T14:23:52.246414 #6912]  INFO -- : going to http://www.ru.erro
E, [2012-02-21T14:23:52.252331 #6912] ERROR -- : Response for http://www.ru.erro get an error: unable to resolve server address
I, [2012-02-21T14:24:44.941906 #6983]  INFO -- : going to http://www.ru
I, [2012-02-21T14:24:44.949981 #6983]  INFO -- : going to http://www.ru
I, [2012-02-21T14:24:44.958986 #6983]  INFO -- : going to http://www.ru.erro
E, [2012-02-21T14:24:44.961884 #6983] ERROR -- : Response for http://www.ru.erro get an error: unable to resolve server address
I, [2012-02-21T14:24:44.963700 #6983]  INFO -- : going to http://www.ru.erro
E, [2012-02-21T14:24:44.965514 #6983] ERROR -- : Response for http://www.ru.erro get an error: unable to resolve server address
I, [2012-02-21T14:25:39.435005 #7075]  INFO -- : going to http://www.ru
I, [2012-02-21T14:25:39.443848 #7075]  INFO -- : going to http://www.ru
I, [2012-02-21T14:25:55.799599 #7142]  INFO -- : going to http://www.ru
I, [2012-02-21T14:25:55.808224 #7142]  INFO -- : going to http://www.ru
I, [2012-02-21T14:25:55.816898 #7142]  INFO -- : going to http://www.ru
I, [2012-02-21T14:25:55.824534 #7142]  INFO -- : going to http://www.ru
I, [2012-02-21T14:25:55.837343 #7142]  INFO -- : going to http://www.ru.erro
E, [2012-02-21T14:25:55.843280 #7142] ERROR -- : Response for http://www.ru.erro get an error: unable to resolve server address
I, [2012-02-21T14:26:01.204533 #7156]  INFO -- : going to http://www.ru
I, [2012-02-21T14:26:01.212975 #7156]  INFO -- : going to http://www.ru
I, [2012-02-21T14:26:01.224422 #7156]  INFO -- : going to http://www.ru
I, [2012-02-21T14:26:01.233366 #7156]  INFO -- : going to http://www.ru
I, [2012-02-21T14:26:01.241483 #7156]  INFO -- : going to http://www.ru.erro
E, [2012-02-21T14:26:01.245270 #7156] ERROR -- : Response for http://www.ru.erro get an error: unable to resolve server address
I, [2012-02-21T14:26:02.885868 #7170]  INFO -- : going to http://www.ru
I, [2012-02-21T14:26:02.894095 #7170]  INFO -- : going to http://www.ru
I, [2012-02-21T14:26:02.906925 #7170]  INFO -- : going to http://www.ru
I, [2012-02-21T14:26:02.914278 #7170]  INFO -- : going to http://www.ru
I, [2012-02-21T14:26:02.922900 #7170]  INFO -- : going to http://www.ru.erro
E, [2012-02-21T14:26:02.926876 #7170] ERROR -- : Response for http://www.ru.erro get an error: unable to resolve server address
I, [2012-02-21T14:26:10.375717 #7233]  INFO -- : going to http://www.ru
I, [2012-02-21T14:26:10.383776 #7233]  INFO -- : going to http://www.ru
I, [2012-02-21T14:26:10.392888 #7233]  INFO -- : going to http://www.ru.erro
E, [2012-02-21T14:26:10.395605 #7233] ERROR -- : Response for http://www.ru.erro get an error: unable to resolve server address
I, [2012-02-21T14:26:10.397492 #7233]  INFO -- : going to http://www.ru.erro
E, [2012-02-21T14:26:10.399132 #7233] ERROR -- : Response for http://www.ru.erro get an error: unable to resolve server address
I, [2012-02-21T14:28:24.529792 #7330]  INFO -- : going to http://www.ru
I, [2012-02-21T14:28:24.538284 #7330]  INFO -- : going to http://www.ru
I, [2012-02-21T14:28:24.551282 #7330]  INFO -- : going to http://www.ru
I, [2012-02-21T14:28:24.560514 #7330]  INFO -- : going to http://www.ru
I, [2012-02-21T14:29:32.961539 #7401]  INFO -- : going to http://www.ru
I, [2012-02-21T14:29:32.973274 #7401]  INFO -- : going to http://www.ru
I, [2012-02-21T14:30:14.828613 #7515]  INFO -- : going to http://www.ru
I, [2012-02-21T14:30:14.837572 #7515]  INFO -- : going to http://www.ru
I, [2012-02-21T14:30:27.635801 #7578]  INFO -- : going to http://www.ru
I, [2012-02-21T14:30:27.644495 #7578]  INFO -- : going to http://www.ru
I, [2012-02-21T14:30:27.656780 #7578]  INFO -- : going to http://www.ru.erro
E, [2012-02-21T14:30:27.659897 #7578] ERROR -- : Response for http://www.ru.erro get an error: unable to resolve server address
I, [2012-02-21T14:30:27.661239 #7578]  INFO -- : going to http://www.ru
I, [2012-02-21T14:30:27.669008 #7578]  INFO -- : going to http://www.ru
I, [2012-02-21T14:30:30.776730 #7592]  INFO -- : going to http://www.ru
I, [2012-02-21T14:30:30.784113 #7592]  INFO -- : going to http://www.ru
I, [2012-02-21T14:30:30.797390 #7592]  INFO -- : going to http://www.ru
I, [2012-02-21T14:30:30.804693 #7592]  INFO -- : going to http://www.ru
I, [2012-02-21T14:30:30.814713 #7592]  INFO -- : going to http://www.ru.erro
E, [2012-02-21T14:30:30.822946 #7592] ERROR -- : Response for http://www.ru.erro get an error: unable to resolve server address
I, [2012-02-21T15:44:35.405869 #8317]  INFO -- : going to http://www.ru
I, [2012-02-21T15:44:35.465284 #8317]  INFO -- : going to http://www.ru
I, [2012-02-21T15:44:35.473718 #8317]  INFO -- : going to http://www.ru.erro
E, [2012-02-21T15:44:35.527042 #8317] ERROR -- : Response for http://www.ru.erro get an error: unable to resolve server address
I, [2012-02-21T15:44:35.528069 #8317]  INFO -- : going to http://www.ru
I, [2012-02-21T15:44:35.535910 #8317]  INFO -- : going to http://www.ru
I, [2012-02-21T15:44:44.827042 #8384]  INFO -- : going to http://www.ru
I, [2012-02-21T15:44:44.835233 #8384]  INFO -- : going to http://www.ru
I, [2012-02-21T15:44:44.844347 #8384]  INFO -- : going to http://www.ru
I, [2012-02-21T15:44:44.851764 #8384]  INFO -- : going to http://www.ru
I, [2012-02-21T15:44:44.859326 #8384]  INFO -- : going to http://www.ru.erro
E, [2012-02-21T15:44:44.861160 #8384] ERROR -- : Response for http://www.ru.erro get an error: unable to resolve server address
I, [2012-02-21T15:46:25.357845 #8604]  INFO -- : going to http://www.ru
I, [2012-02-21T15:46:25.368195 #8604]  INFO -- : going to http://www.ru
I, [2012-02-21T15:46:25.376861 #8604]  INFO -- : going to http://www.ru.erro
E, [2012-02-21T15:46:25.382251 #8604] ERROR -- : Response for http://www.ru.erro get an error: unable to resolve server address
I, [2012-02-21T15:46:25.384433 #8604]  INFO -- : going to http://www.ru
I, [2012-02-21T15:46:25.395850 #8604]  INFO -- : going to http://www.ru
I, [2012-02-21T15:46:49.264115 #8671]  INFO -- : going to http://www.ru
I, [2012-02-21T15:46:49.273418 #8671]  INFO -- : going to http://www.ru
I, [2012-02-21T15:46:49.282221 #8671]  INFO -- : going to http://www.ru.erro
E, [2012-02-21T15:46:49.285405 #8671] ERROR -- : Response for http://www.ru.erro get an error: unable to resolve server address
I, [2012-02-21T15:46:49.287562 #8671]  INFO -- : going to http://www.ru
I, [2012-02-21T15:46:49.295176 #8671]  INFO -- : going to http://www.ru
I, [2012-02-21T15:47:01.113851 #8734]  INFO -- : going to http://www.ru
I, [2012-02-21T15:47:01.127523 #8734]  INFO -- : going to http://www.ru
I, [2012-02-21T15:47:01.145635 #8734]  INFO -- : going to http://www.ru
I, [2012-02-21T15:47:01.158012 #8734]  INFO -- : going to http://www.ru
I, [2012-02-21T15:47:01.169721 #8734]  INFO -- : going to http://www.ru.erro
E, [2012-02-21T15:47:01.171284 #8734] ERROR -- : Response for http://www.ru.erro get an error: unable to resolve server address
I, [2012-02-21T15:47:01.172113 #8734]  INFO -- : going to http://google.com/404error
E, [2012-02-21T15:47:01.261715 #8734] ERROR -- : This http://google.com/404error returns this http status: 301
I, [2012-02-21T15:47:36.537224 #8801]  INFO -- : going to http://www.ru
I, [2012-02-21T15:47:36.544978 #8801]  INFO -- : going to http://www.ru
I, [2012-02-21T15:47:36.553163 #8801]  INFO -- : going to http://www.ru
I, [2012-02-21T15:47:36.561523 #8801]  INFO -- : going to http://www.ru
I, [2012-02-21T15:47:36.570243 #8801]  INFO -- : going to http://www.ru.erro
E, [2012-02-21T15:47:36.574457 #8801] ERROR -- : Response for http://www.ru.erro get an error: unable to resolve server address
I, [2012-02-21T15:47:36.578259 #8801]  INFO -- : going to http://google.com/404error
E, [2012-02-21T15:47:36.678429 #8801] ERROR -- : This http://google.com/404error returns this http status: 301
I, [2012-02-21T15:48:00.167692 #8918]  INFO -- : going to http://www.ru
I, [2012-02-21T15:48:00.181297 #8918]  INFO -- : going to http://www.ru
I, [2012-02-21T15:48:00.192142 #8918]  INFO -- : going to http://www.ru
I, [2012-02-21T15:48:00.204619 #8918]  INFO -- : going to http://www.ru
I, [2012-02-21T15:48:00.217430 #8918]  INFO -- : going to http://www.ru.erro
E, [2012-02-21T15:48:00.219168 #8918] ERROR -- : Response for http://www.ru.erro get an error: unable to resolve server address
I, [2012-02-21T15:48:00.221378 #8918]  INFO -- : going to http://google.com/404error
E, [2012-02-21T15:48:00.321506 #8918] ERROR -- : This http://google.com/404error returns this http status: 301
I, [2012-02-21T15:48:11.594601 #8984]  INFO -- : going to http://www.ru
I, [2012-02-21T15:48:11.602252 #8984]  INFO -- : going to http://www.ru
I, [2012-02-21T15:48:11.610945 #8984]  INFO -- : going to http://www.ru.erro
E, [2012-02-21T15:48:11.614445 #8984] ERROR -- : Response for http://www.ru.erro get an error: unable to resolve server address
I, [2012-02-21T15:48:11.616652 #8984]  INFO -- : going to http://www.ru
I, [2012-02-21T15:48:11.625303 #8984]  INFO -- : going to http://www.ru
I, [2012-02-21T15:48:11.633386 #8984]  INFO -- : going to http://google.com/404error
E, [2012-02-21T15:48:11.723384 #8984] ERROR -- : This http://google.com/404error returns this http status: 301
I, [2012-02-21T15:48:50.232099 #9209]  INFO -- : going to http://www.ru
I, [2012-02-21T15:48:50.239575 #9209]  INFO -- : going to http://www.ru
I, [2012-02-21T15:48:50.249257 #9209]  INFO -- : going to http://www.ru
I, [2012-02-21T15:48:50.256110 #9209]  INFO -- : going to http://www.ru
I, [2012-02-21T15:48:50.264524 #9209]  INFO -- : going to http://www.ru.erro
E, [2012-02-21T15:48:50.266321 #9209] ERROR -- : Response for http://www.ru.erro get an error: unable to resolve server address
I, [2012-02-21T15:48:50.267413 #9209]  INFO -- : going to http://google.com/404error
E, [2012-02-21T15:48:50.357467 #9209] ERROR -- : This http://google.com/404error returns this http status: 301
I, [2012-02-21T15:48:50.357659 #9209]  INFO -- : going to http://www.amazon.com/notfoundpage
E, [2012-02-21T15:48:50.804342 #9209] ERROR -- : This http://www.amazon.com/notfoundpage returns this http status: 404
I, [2012-02-21T15:56:07.578874 #9721]  INFO -- : going to http://www.ru
I, [2012-02-21T15:56:07.638648 #9721]  INFO -- : going to http://www.ru
I, [2012-02-21T15:56:28.768428 #9787]  INFO -- : going to http://www.ru
I, [2012-02-21T15:56:28.777193 #9787]  INFO -- : going to http://www.ru
I, [2012-02-21T15:56:45.827803 #9854]  INFO -- : going to http://www.ru
I, [2012-02-21T15:56:45.836562 #9854]  INFO -- : going to http://www.ru
I, [2012-02-21T15:57:45.137900 #9927]  INFO -- : going to http://www.ru
I, [2012-02-21T15:57:45.150826 #9927]  INFO -- : going to http://www.ru
I, [2012-02-21T15:58:36.524768 #10074]  INFO -- : going to http://www.ru
I, [2012-02-21T15:58:36.532963 #10074]  INFO -- : going to http://www.ru
I, [2012-02-21T15:59:29.739217 #10190]  INFO -- : going to http://www.ru
I, [2012-02-21T15:59:29.747721 #10190]  INFO -- : going to http://www.ru
I, [2012-02-21T16:56:27.114638 #11281]  INFO -- : going to http://www.ru
I, [2012-02-21T16:56:27.184285 #11281]  INFO -- : going to http://www.ru
I, [2012-02-21T17:23:32.835739 #12401]  INFO -- : going to http://www.ru
I, [2012-02-21T17:23:32.902894 #12401]  INFO -- : going to http://www.ru
I, [2012-02-21T17:24:23.391914 #12518]  INFO -- : going to http://www.ru
I, [2012-02-21T17:24:23.399842 #12518]  INFO -- : going to http://www.ru
I, [2012-02-21T17:26:17.755150 #12868]  INFO -- : going to http://www.ru
I, [2012-02-21T17:26:17.766882 #12868]  INFO -- : going to http://www.ru
I, [2012-02-21T17:27:06.176549 #12938]  INFO -- : going to http://www.ru
I, [2012-02-21T17:27:06.189915 #12938]  INFO -- : going to http://www.ru
I, [2012-02-21T17:30:29.849980 #13159]  INFO -- : going to http://www.ru
I, [2012-02-21T17:30:29.857365 #13159]  INFO -- : going to http://www.ru
I, [2012-02-21T17:30:42.707328 #13222]  INFO -- : going to http://www.ru
I, [2012-02-21T17:30:42.715209 #13222]  INFO -- : going to http://www.ru
I, [2012-02-21T17:31:03.096493 #13289]  INFO -- : going to http://www.ru
I, [2012-02-21T17:31:03.115193 #13289]  INFO -- : going to http://www.ru
I, [2012-02-21T17:31:38.697244 #13352]  INFO -- : going to http://www.ru
I, [2012-02-21T17:31:38.709480 #13352]  INFO -- : going to http://www.ru
I, [2012-02-21T17:36:46.225640 #13579]  INFO -- : going to http://www.ru
I, [2012-02-21T17:36:46.242436 #13579]  INFO -- : going to http://www.ru
I, [2012-02-21T17:37:16.693939 #13644]  INFO -- : going to http://www.ru
I, [2012-02-21T17:37:16.702403 #13644]  INFO -- : going to http://www.ru
I, [2012-02-21T17:37:32.324716 #13659]  INFO -- : going to http://www.ru
I, [2012-02-21T17:37:32.333852 #13659]  INFO -- : going to http://www.ru
I, [2012-02-21T17:40:01.550157 #13950]  INFO -- : going to http://www.ru
I, [2012-02-21T17:40:01.558233 #13950]  INFO -- : going to http://www.ru
I, [2012-02-21T17:40:22.774434 #14013]  INFO -- : going to http://www.ru
I, [2012-02-21T17:40:22.783238 #14013]  INFO -- : going to http://www.ru
I, [2012-02-21T17:40:42.076929 #14076]  INFO -- : going to http://www.ru
I, [2012-02-21T17:40:42.078575 #14076]  INFO -- : going to http://www.ru
I, [2012-02-21T17:41:05.137831 #14147]  INFO -- : going to http://www.ru
I, [2012-02-21T17:41:05.139127 #14147]  INFO -- : going to http://www.ru
I, [2012-02-21T17:41:42.999203 #14212]  INFO -- : going to http://www.ru
I, [2012-02-21T17:41:43.000827 #14212]  INFO -- : going to http://www.ru
I, [2012-02-21T17:42:01.535415 #14278]  INFO -- : going to http://www.ru
I, [2012-02-21T17:42:01.537089 #14278]  INFO -- : going to http://www.ru
I, [2012-02-21T17:42:15.181115 #14292]  INFO -- : going to http://www.ru
I, [2012-02-21T17:42:15.182030 #14292]  INFO -- : going to http://www.ru
I, [2012-02-21T17:42:27.089741 #14407]  INFO -- : going to http://www.ru
I, [2012-02-21T17:42:27.091046 #14407]  INFO -- : going to http://www.ru
I, [2012-02-21T17:44:46.813644 #14590]  INFO -- : going to http://www.ru
I, [2012-02-21T17:44:46.814532 #14590]  INFO -- : going to http://www.ru
I, [2012-02-21T17:45:47.393448 #14721]  INFO -- : going to http://www.ru
I, [2012-02-21T17:45:47.394300 #14721]  INFO -- : going to http://www.ru
I, [2012-02-21T17:46:52.269845 #14913]  INFO -- : going to http://www.ru
I, [2012-02-21T17:46:52.279782 #14913]  INFO -- : going to http://www.ru
I, [2012-02-21T17:47:08.481146 #14977]  INFO -- : going to http://www.ru
I, [2012-02-21T17:47:08.484160 #14977]  INFO -- : going to http://www.ru
I, [2012-02-21T17:47:31.717683 #15090]  INFO -- : going to http://www.ru
I, [2012-02-21T17:47:31.725679 #15090]  INFO -- : going to http://www.ru
I, [2012-02-21T17:47:39.270341 #15155]  INFO -- : going to http://www.ru
I, [2012-02-21T17:47:39.288588 #15155]  INFO -- : going to http://www.ru
